<?xml version="1.0" encoding="UTF-8"?>
<testng-results ignored="0" total="1" passed="1" failed="0" skipped="0">
  <reporter-output>
  </reporter-output>
  <suite started-at="2024-06-11T12:05:16 PDT" name="Default suite" finished-at="2024-06-11T12:05:36 PDT" duration-ms="20151">
    <groups>
    </groups>
    <test started-at="2024-06-11T12:05:16 PDT" name="Default test" finished-at="2024-06-11T12:05:36 PDT" duration-ms="20151">
      <class name="com.appium.DragAndDrop">
        <test-method is-config="true" signature="setDriver()[pri:0, instance:com.appium.DragAndDrop@4985cbcb]" started-at="2024-06-11T12:05:16 PDT" name="setDriver" finished-at="2024-06-11T12:05:17 PDT" duration-ms="220" status="PASS">
          <reporter-output>
          </reporter-output>
        </test-method> <!-- setDriver -->
        <test-method is-config="true" signature="configureAppium()[pri:0, instance:com.appium.DragAndDrop@4985cbcb]" started-at="2024-06-11T12:05:17 PDT" name="configureAppium" finished-at="2024-06-11T12:05:30 PDT" duration-ms="13516" status="PASS">
          <reporter-output>
          </reporter-output>
        </test-method> <!-- configureAppium -->
        <test-method is-config="true" signature="setup(java.lang.reflect.Method)[pri:0, instance:com.appium.DragAndDrop@4985cbcb]" started-at="2024-06-11T12:05:30 PDT" name="setup" finished-at="2024-06-11T12:05:30 PDT" duration-ms="6" status="PASS">
          <params>
            <param index="0">
              <value>
                <![CDATA[public void com.appium.DragAndDrop.dragAndDrop()]]>
              </value>
            </param>
          </params>
          <reporter-output>
          </reporter-output>
        </test-method> <!-- setup -->
        <test-method signature="dragAndDrop()[pri:0, instance:com.appium.DragAndDrop@4985cbcb]" started-at="2024-06-11T12:05:30 PDT" name="dragAndDrop" finished-at="2024-06-11T12:05:36 PDT" duration-ms="5893" status="PASS">
          <reporter-output>
          </reporter-output>
        </test-method> <!-- dragAndDrop -->
        <test-method is-config="true" signature="removeDriver()[pri:0, instance:com.appium.DragAndDrop@4985cbcb]" started-at="2024-06-11T12:05:36 PDT" name="removeDriver" finished-at="2024-06-11T12:05:36 PDT" duration-ms="458" status="PASS">
          <reporter-output>
          </reporter-output>
        </test-method> <!-- removeDriver -->
      </class> <!-- com.appium.DragAndDrop -->
    </test> <!-- Default test -->
  </suite> <!-- Default suite -->
</testng-results>
